19:24:25.858 [main] DEBUG org.apache.poi.openxml4j.opc.PackageRelationshipCollection - Parsing relationship: /_rels/.rels
19:24:25.894 [main] DEBUG org.apache.poi.ooxml.POIXMLFactory - using default POIXMLDocumentPart for http://schemas.openxmlformats.org/officeDocument/2006/relationships/printerSettings
12:59:13.536 [main] INFO  testCases.TC002_LoginTest - ***starting  tC002Logintest ******
12:59:17.099 [main] INFO  testCases.TC002_LoginTest - ***tc002logintest completed*****
13:19:38.650 [main] INFO  testCases.TC001_AccountRegistratioonTest - *****starting TC_AccountRegistrationpage******
13:19:39.391 [main] INFO  testCases.TC001_AccountRegistratioonTest - clicked on MyAccount link
13:19:40.702 [main] INFO  testCases.TC001_AccountRegistratioonTest - clicked on Register link
13:19:40.710 [main] INFO  testCases.TC001_AccountRegistratioonTest - Providing customer details.....
13:19:43.462 [main] INFO  testCases.TC001_AccountRegistratioonTest - validating expected msg...
13:19:43.563 [main] INFO  testCases.TC001_AccountRegistratioonTest - *****Finished TC_AccountRegistrationpage******
13:19:47.760 [main] INFO  testCases.TC002_LoginTest - ***starting  tC002Logintest ******
13:19:51.298 [main] INFO  testCases.TC002_LoginTest - ***tc002logintest completed*****
13:25:01.655 [main] INFO  testCases.TC002_LoginTest - ***starting  tC002Logintest ******
13:25:07.877 [main] INFO  testCases.TC002_LoginTest - ***tc002logintest completed*****
16:12:33.763 [main] INFO  testCases.TC001_AccountRegistratioonTest - *****starting TC_AccountRegistrationpage******
16:12:34.495 [main] INFO  testCases.TC001_AccountRegistratioonTest - clicked on MyAccount link
16:12:35.765 [main] INFO  testCases.TC001_AccountRegistratioonTest - clicked on Register link
16:12:35.770 [main] INFO  testCases.TC001_AccountRegistratioonTest - Providing customer details.....
16:12:38.367 [main] INFO  testCases.TC001_AccountRegistratioonTest - validating expected msg...
16:12:38.428 [main] INFO  testCases.TC001_AccountRegistratioonTest - *****Finished TC_AccountRegistrationpage******
16:12:42.645 [main] INFO  testCases.TC002_LoginTest - ***starting  tC002Logintest ******
16:12:46.161 [main] INFO  testCases.TC002_LoginTest - ***tc002logintest completed*****
23:26:34.142 [main] INFO  testCases.TC002_LoginTest - ***starting  tC002Logintest ******
23:26:37.622 [main] INFO  testCases.TC002_LoginTest - ***tc002logintest completed*****
23:27:52.158 [main] INFO  testCases.TC002_LoginTest - ***starting  tC002Logintest ******
23:27:55.887 [main] INFO  testCases.TC002_LoginTest - ***tc002logintest completed*****
15:07:20.914 [main] INFO  testCases.TC002_LoginTest - ***starting  tC002Logintest started ******
15:07:24.561 [main] INFO  testCases.TC002_LoginTest - ***tc002logintest completed*****
15:11:34.862 [main] INFO  testCases.TC002_LoginTest - ***starting  tC002Logintest started ******
15:11:38.343 [main] INFO  testCases.TC002_LoginTest - ***tc002logintest completed*****
15:35:48.186 [main] INFO  testCases.TC002_LoginTest - ***starting  tC002Logintest started ******
15:35:52.745 [main] INFO  testCases.TC002_LoginTest - ***tc002logintest completed*****
